<?xml version="1.0" encoding="UTF-8"?>
<!-- Generated by org.testng.reporters.JUnitXMLReporter -->
<testsuite ignored="0" hostname="oleks-Aspire-A515-55G" failures="1" tests="1" name="Test" time="1.965" errors="0" timestamp="2022-11-20T20:42:55 GMT+02:00">
  <testcase classname="io.cucumber.testng.AbstractTestNGCucumberTests" name="runScenario" time="0.128">
    <failure type="java.lang.NullPointerException" message="Cannot invoke &amp;quot;org.openqa.selenium.WebDriver.get(String)&amp;quot; because &amp;quot;utils.SeleniumDriver.driver&amp;quot; is null">
      <![CDATA[java.lang.NullPointerException: Cannot invoke "org.openqa.selenium.WebDriver.get(String)" because "utils.SeleniumDriver.driver" is null
at utils.SeleniumDriver.openPage(SeleniumDriver.java:33)
at steps.buyingPhoneSteps.i_am_on_the_home_page_of_website(buyingPhoneSteps.java:16)
at ✽.I am on the Home Page of "https://www.demoblaze.com/index.html" website(file:///home/oleks/eclipse-workspace2/ProductStore/src/test/resources/features/loginStore.feature:4)
]]>
    </failure>
  </testcase> <!-- runScenario -->
</testsuite> <!-- Test -->
