<?xml version="1.0" encoding="UTF-8"?>
<testng-results ignored="0" total="1" passed="0" failed="1" skipped="0">
  <reporter-output>
  </reporter-output>
  <suite started-at="2022-11-20T20:46:22 GMT+02:00" name="Default suite" finished-at="2022-11-20T20:46:23 GMT+02:00" duration-ms="693">
    <groups>
      <group name="cucumber">
        <method signature="AbstractTestNGCucumberTests.runScenario(io.cucumber.testng.PickleWrapper,io.cucumber.testng.FeatureWrapper)[pri:0, instance:runner.RunCucumber@d86a6f]" name="runScenario" class="io.cucumber.testng.AbstractTestNGCucumberTests"/>
      </group> <!-- cucumber -->
    </groups>
    <test started-at="2022-11-20T20:46:22 GMT+02:00" name="Default test" finished-at="2022-11-20T20:46:23 GMT+02:00" duration-ms="693">
      <class name="runner.RunCucumber">
        <test-method is-config="true" signature="setUpClass(org.testng.ITestContext)[pri:0, instance:runner.RunCucumber@d86a6f]" started-at="2022-11-20T20:46:22 GMT+02:00" name="setUpClass" finished-at="2022-11-20T20:46:23 GMT+02:00" duration-ms="445" status="PASS">
          <params>
            <param index="0">
              <value>
                <![CDATA[org.testng.TestRunner@50825a02]]>
              </value>
            </param>
          </params>
          <reporter-output>
          </reporter-output>
        </test-method> <!-- setUpClass -->
        <test-method signature="runScenario(io.cucumber.testng.PickleWrapper,io.cucumber.testng.FeatureWrapper)[pri:0, instance:runner.RunCucumber@d86a6f]" started-at="2022-11-20T20:46:23 GMT+02:00" name="runScenario" description="Runs Cucumber Scenarios" data-provider="scenarios" finished-at="2022-11-20T20:46:23 GMT+02:00" duration-ms="152" status="FAIL">
          <params>
            <param index="0">
              <value>
                <![CDATA["Buyt a phone"]]>
              </value>
            </param>
            <param index="1">
              <value>
                <![CDATA["Go to product store main page"]]>
              </value>
            </param>
          </params>
          <exception class="java.lang.NullPointerException">
            <message>
              <![CDATA[Cannot invoke "org.openqa.selenium.WebDriver.get(String)" because "utils.SeleniumDriver.driver" is null]]>
            </message>
            <full-stacktrace>
              <![CDATA[java.lang.NullPointerException: Cannot invoke "org.openqa.selenium.WebDriver.get(String)" because "utils.SeleniumDriver.driver" is null
at utils.SeleniumDriver.openPage(SeleniumDriver.java:33)
at steps.buyingPhoneSteps.i_am_on_the_home_page_of_website(buyingPhoneSteps.java:16)
at ✽.I am on the Home Page of "https://www.demoblaze.com/index.html" website(file:///home/oleks/eclipse-workspace2/ProductStore/src/test/resources/features/loginStore.feature:4)
]]>
            </full-stacktrace>
          </exception> <!-- java.lang.NullPointerException -->
          <reporter-output>
          </reporter-output>
        </test-method> <!-- runScenario -->
        <test-method is-config="true" signature="tearDownClass()[pri:0, instance:runner.RunCucumber@d86a6f]" started-at="2022-11-20T20:46:23 GMT+02:00" name="tearDownClass" finished-at="2022-11-20T20:46:23 GMT+02:00" duration-ms="59" status="PASS">
          <reporter-output>
          </reporter-output>
        </test-method> <!-- tearDownClass -->
      </class> <!-- runner.RunCucumber -->
    </test> <!-- Default test -->
  </suite> <!-- Default suite -->
</testng-results>
