<?xml version="1.0" encoding="UTF-8"?>
<!-- Generated by org.testng.reporters.JUnitReportReporter -->
<testsuite hostname="oleks-Aspire-A515-55G" failures="0" tests="1" name="runner.RunCucumber" time="0.152" errors="1" timestamp="2022-11-20T20:46:23 GMT+02:00" skipped="0">
  <testcase classname="runner.RunCucumber" name="runScenario" time="0.152">
    <error message="Cannot invoke &quot;org.openqa.selenium.WebDriver.get(String)&quot; because &quot;utils.SeleniumDriver.driver&quot; is null" type="java.lang.NullPointerException">
      <![CDATA[java.lang.NullPointerException: Cannot invoke "org.openqa.selenium.WebDriver.get(String)" because "utils.SeleniumDriver.driver" is null
at utils.SeleniumDriver.openPage(SeleniumDriver.java:33)
at steps.buyingPhoneSteps.i_am_on_the_home_page_of_website(buyingPhoneSteps.java:16)
at ✽.I am on the Home Page of "https://www.demoblaze.com/index.html" website(file:///home/oleks/eclipse-workspace2/ProductStore/src/test/resources/features/loginStore.feature:4)
]]>
    </error>
  </testcase> <!-- runScenario -->
  <system-out/>
</testsuite> <!-- runner.RunCucumber -->
